<?xml version="1.0" encoding="UTF-8"?>
<testng-results ignored="0" total="1" passed="1" failed="0" skipped="0">
  <reporter-output>
  </reporter-output>
  <suite started-at="2019-11-29T18:00:13 IST" name="Default suite" finished-at="2019-11-29T18:00:44 IST" duration-ms="30888">
    <groups>
    </groups>
    <test started-at="2019-11-29T18:00:13 IST" name="Default test" finished-at="2019-11-29T18:00:44 IST" duration-ms="30888">
      <class name="com.atmecs.php.test.PhpTravels">
        <test-method is-config="true" signature="browserLaunch()[pri:0, instance:com.atmecs.php.test.PhpTravels@10e92f8f]" started-at="2019-11-29T18:00:14 IST" name="browserLaunch" finished-at="2019-11-29T18:00:36 IST" duration-ms="22097" status="PASS">
          <reporter-output>
          </reporter-output>
        </test-method> <!-- browserLaunch -->
        <test-method signature="identifyTheHotel()[pri:0, instance:com.atmecs.php.test.PhpTravels@10e92f8f]" started-at="2019-11-29T18:00:36 IST" name="identifyTheHotel" finished-at="2019-11-29T18:00:36 IST" duration-ms="292" status="PASS">
          <reporter-output>
          </reporter-output>
        </test-method> <!-- identifyTheHotel -->
        <test-method is-config="true" signature="closeBrowser()[pri:0, instance:com.atmecs.php.test.PhpTravels@10e92f8f]" started-at="2019-11-29T18:00:36 IST" name="closeBrowser" finished-at="2019-11-29T18:00:44 IST" duration-ms="8446" status="PASS">
          <reporter-output>
          </reporter-output>
        </test-method> <!-- closeBrowser -->
      </class> <!-- com.atmecs.php.test.PhpTravels -->
    </test> <!-- Default test -->
  </suite> <!-- Default suite -->
</testng-results>
